# JRE version: Java(TM) SE Runtime Environment (21.0.3+7) (build 21.0.3+7-LTS-152)
# Java VM: Java HotSpot(TM) 64-Bit Server VM (21.0.3+7-LTS-152, mixed mode, sharing, tiered, compressed oops, compressed class ptrs, g1 gc, windows-amd64)
GC Precious Log:
 CardTable entry size: 512
 Card Set container configuration: InlinePtr #cards 5 size 8 Array Of Cards #cards 12 size 40 Howl #buckets 4 coarsen threshold 1843 Howl Bitmap #cards 512 size 80 coarsen threshold 460 Card regions per heap region 1 cards per card region 2048
 CPUs: 16 total, 16 available
 Memory: 7365M
 Large Page Support: Disabled
 NUMA Support: Disabled
 Compressed Oops: Enabled (32-bit)
 Heap Region Size: 1M
 Heap Min Capacity: 8M
 Heap Initial Capacity: 116M
 Heap Max Capacity: 1842M
 Pre-touch: Disabled
 Parallel Workers: 13
 Concurrent Workers: 3
 Concurrent Refinement Workers: 13
 Periodic GC: Disabled
Heap:
 garbage-first heap   total 118784K, used 17920K [0x000000008ce00000, 0x0000000100000000)
  region size 1024K, 3 young (3072K), 1 survivors (1024K)
 Metaspace       used 16871K, committed 17152K, reserved 1114112K
  class space    used 1888K, committed 1984K, reserved 1048576K
GC Heap History (7 events):
Event: 1.194 GC heap before
{Heap before GC invocations=0 (full 0):
 garbage-first heap   total 118784K, used 22528K [0x000000008ce00000, 0x0000000100000000)
  region size 1024K, 23 young (23552K), 0 survivors (0K)
 Metaspace       used 5691K, committed 5888K, reserved 1114112K
  class space    used 663K, committed 768K, reserved 1048576K
}
Event: 1.205 GC heap after
{Heap after GC invocations=1 (full 0):
 garbage-first heap   total 118784K, used 3696K [0x000000008ce00000, 0x0000000100000000)
  region size 1024K, 3 young (3072K), 3 survivors (3072K)
 Metaspace       used 5691K, committed 5888K, reserved 1114112K
  class space    used 663K, committed 768K, reserved 1048576K
}
Event: 2.012 GC heap before
{Heap before GC invocations=1 (full 0):
 garbage-first heap   total 118784K, used 34416K [0x000000008ce00000, 0x0000000100000000)
  region size 1024K, 33 young (33792K), 3 survivors (3072K)
 Metaspace       used 9954K, committed 10176K, reserved 1114112K
  class space    used 1176K, committed 1280K, reserved 1048576K
}
Event: 2.023 GC heap after
{Heap after GC invocations=2 (full 0):
 garbage-first heap   total 118784K, used 5698K [0x000000008ce00000, 0x0000000100000000)
  region size 1024K, 2 young (2048K), 2 survivors (2048K)
 Metaspace       used 9954K, committed 10176K, reserved 1114112K
  class space    used 1176K, committed 1280K, reserved 1048576K
}
Event: 5.160 GC heap before
{Heap before GC invocations=2 (full 0):
 garbage-first heap   total 118784K, used 74306K [0x000000008ce00000, 0x0000000100000000)
  region size 1024K, 69 young (70656K), 2 survivors (2048K)
 Metaspace       used 16193K, committed 16448K, reserved 1114112K
  class space    used 1880K, committed 1984K, reserved 1048576K
}
Event: 5.192 GC heap after
{Heap after GC invocations=3 (full 0):
 garbage-first heap   total 118784K, used 13260K [0x000000008ce00000, 0x0000000100000000)
  region size 1024K, 9 young (9216K), 9 survivors (9216K)
 Metaspace       used 16193K, committed 16448K, reserved 1114112K
  class space    used 1880K, committed 1984K, reserved 1048576K
}
Event: 7.306 GC heap before
{Heap before GC invocations=3 (full 0):
 garbage-first heap   total 118784K, used 74700K [0x000000008ce00000, 0x0000000100000000)
  region size 1024K, 69 young (70656K), 9 survivors (9216K)
 Metaspace       used 16857K, committed 17152K, reserved 1114112K
  class space    used 1888K, committed 1984K, reserved 1048576K
}

