# JRE version: Java(TM) SE Runtime Environment (21.0.3+7) (build 21.0.3+7-LTS-152)
# Java VM: Java HotSpot(TM) 64-Bit Server VM (21.0.3+7-LTS-152, mixed mode, sharing, tiered, compressed oops, compressed class ptrs, g1 gc, windows-amd64)
GC Precious Log:
 CardTable entry size: 512
 Card Set container configuration: InlinePtr #cards 5 size 8 Array Of Cards #cards 12 size 40 Howl #buckets 4 coarsen threshold 1843 Howl Bitmap #cards 512 size 80 coarsen threshold 460 Card regions per heap region 1 cards per card region 2048
 CPUs: 16 total, 16 available
 Memory: 7365M
 Large Page Support: Disabled
 NUMA Support: Disabled
 Compressed Oops: Enabled (32-bit)
 Heap Region Size: 1M
 Heap Min Capacity: 8M
 Heap Initial Capacity: 116M
 Heap Max Capacity: 1842M
 Pre-touch: Disabled
 Parallel Workers: 13
 Concurrent Workers: 3
 Concurrent Refinement Workers: 13
 Periodic GC: Disabled
Heap:
 garbage-first heap   total 83968K, used 67005K [0x000000008ce00000, 0x0000000100000000)
  region size 1024K, 29 young (29696K), 5 survivors (5120K)
 Metaspace       used 87640K, committed 88384K, reserved 1179648K
  class space    used 11419K, committed 11712K, reserved 1048576K
GC Heap History (20 events):
Event: 5.734 GC heap before
{Heap before GC invocations=6 (full 0):
 garbage-first heap   total 69632K, used 38434K [0x000000008ce00000, 0x0000000100000000)
  region size 1024K, 21 young (21504K), 4 survivors (4096K)
 Metaspace       used 35450K, committed 35968K, reserved 1114112K
  class space    used 4534K, committed 4800K, reserved 1048576K
}
Event: 5.738 GC heap after
{Heap after GC invocations=7 (full 0):
 garbage-first heap   total 69632K, used 23439K [0x000000008ce00000, 0x0000000100000000)
  region size 1024K, 2 young (2048K), 2 survivors (2048K)
 Metaspace       used 35450K, committed 35968K, reserved 1114112K
  class space    used 4534K, committed 4800K, reserved 1048576K
}
Event: 7.192 GC heap before
{Heap before GC invocations=8 (full 0):
 garbage-first heap   total 69632K, used 56207K [0x000000008ce00000, 0x0000000100000000)
  region size 1024K, 34 young (34816K), 2 survivors (2048K)
 Metaspace       used 48130K, committed 48704K, reserved 1114112K
  class space    used 6230K, committed 6464K, reserved 1048576K
}
Event: 7.196 GC heap after
{Heap after GC invocations=9 (full 0):
 garbage-first heap   total 69632K, used 26231K [0x000000008ce00000, 0x0000000100000000)
  region size 1024K, 4 young (4096K), 4 survivors (4096K)
 Metaspace       used 48130K, committed 48704K, reserved 1114112K
  class space    used 6230K, committed 6464K, reserved 1048576K
}
Event: 8.000 GC heap before
{Heap before GC invocations=9 (full 0):
 garbage-first heap   total 69632K, used 56951K [0x000000008ce00000, 0x0000000100000000)
  region size 1024K, 35 young (35840K), 4 survivors (4096K)
 Metaspace       used 54150K, committed 54720K, reserved 1114112K
  class space    used 6965K, committed 7232K, reserved 1048576K
}
Event: 8.006 GC heap after
{Heap after GC invocations=10 (full 0):
 garbage-first heap   total 69632K, used 28350K [0x000000008ce00000, 0x0000000100000000)
  region size 1024K, 3 young (3072K), 3 survivors (3072K)
 Metaspace       used 54150K, committed 54720K, reserved 1114112K
  class space    used 6965K, committed 7232K, reserved 1048576K
}
Event: 8.456 GC heap before
{Heap before GC invocations=10 (full 0):
 garbage-first heap   total 69632K, used 43710K [0x000000008ce00000, 0x0000000100000000)
  region size 1024K, 20 young (20480K), 3 survivors (3072K)
 Metaspace       used 59668K, committed 60160K, reserved 1114112K
  class space    used 7900K, committed 8128K, reserved 1048576K
}
Event: 8.459 GC heap after
{Heap after GC invocations=11 (full 0):
 garbage-first heap   total 69632K, used 29028K [0x000000008ce00000, 0x0000000100000000)
  region size 1024K, 1 young (1024K), 1 survivors (1024K)
 Metaspace       used 59668K, committed 60160K, reserved 1114112K
  class space    used 7900K, committed 8128K, reserved 1048576K
}
Event: 9.053 GC heap before
{Heap before GC invocations=12 (full 0):
 garbage-first heap   total 69632K, used 60772K [0x000000008ce00000, 0x0000000100000000)
  region size 1024K, 32 young (32768K), 1 survivors (1024K)
 Metaspace       used 63789K, committed 64384K, reserved 1114112K
  class space    used 8512K, committed 8768K, reserved 1048576K
}
Event: 9.056 GC heap after
{Heap after GC invocations=13 (full 0):
 garbage-first heap   total 69632K, used 30164K [0x000000008ce00000, 0x0000000100000000)
  region size 1024K, 2 young (2048K), 2 survivors (2048K)
 Metaspace       used 63789K, committed 64384K, reserved 1114112K
  class space    used 8512K, committed 8768K, reserved 1048576K
}
Event: 12.985 GC heap before
{Heap before GC invocations=13 (full 0):
 garbage-first heap   total 69632K, used 61908K [0x000000008ce00000, 0x0000000100000000)
  region size 1024K, 33 young (33792K), 2 survivors (2048K)
 Metaspace       used 70544K, committed 71232K, reserved 1114112K
  class space    used 9520K, committed 9856K, reserved 1048576K
}
Event: 12.990 GC heap after
{Heap after GC invocations=14 (full 0):
 garbage-first heap   total 69632K, used 32996K [0x000000008ce00000, 0x0000000100000000)
  region size 1024K, 5 young (5120K), 5 survivors (5120K)
 Metaspace       used 70544K, committed 71232K, reserved 1114112K
  class space    used 9520K, committed 9856K, reserved 1048576K
}
Event: 13.777 GC heap before
{Heap before GC invocations=14 (full 0):
 garbage-first heap   total 69632K, used 59620K [0x000000008ce00000, 0x0000000100000000)
  region size 1024K, 31 young (31744K), 5 survivors (5120K)
 Metaspace       used 74324K, committed 75072K, reserved 1114112K
  class space    used 10000K, committed 10304K, reserved 1048576K
}
Event: 13.782 GC heap after
{Heap after GC invocations=15 (full 0):
 garbage-first heap   total 69632K, used 34750K [0x000000008ce00000, 0x0000000100000000)
  region size 1024K, 2 young (2048K), 2 survivors (2048K)
 Metaspace       used 74324K, committed 75072K, reserved 1114112K
  class space    used 10000K, committed 10304K, reserved 1048576K
}
Event: 14.454 GC heap before
{Heap before GC invocations=15 (full 0):
 garbage-first heap   total 69632K, used 61374K [0x000000008ce00000, 0x0000000100000000)
  region size 1024K, 29 young (29696K), 2 survivors (2048K)
 Metaspace       used 78851K, committed 79488K, reserved 1179648K
  class space    used 10493K, committed 10752K, reserved 1048576K
}
Event: 14.460 GC heap after
{Heap after GC invocations=16 (full 0):
 garbage-first heap   total 69632K, used 38040K [0x000000008ce00000, 0x0000000100000000)
  region size 1024K, 4 young (4096K), 4 survivors (4096K)
 Metaspace       used 78851K, committed 79488K, reserved 1179648K
  class space    used 10493K, committed 10752K, reserved 1048576K
}
Event: 15.075 GC heap before
{Heap before GC invocations=17 (full 0):
 garbage-first heap   total 69632K, used 60568K [0x000000008ce00000, 0x0000000100000000)
  region size 1024K, 26 young (26624K), 4 survivors (4096K)
 Metaspace       used 83611K, committed 84352K, reserved 1179648K
  class space    used 10913K, committed 11264K, reserved 1048576K
}
Event: 15.080 GC heap after
{Heap after GC invocations=18 (full 0):
 garbage-first heap   total 83968K, used 40507K [0x000000008ce00000, 0x0000000100000000)
  region size 1024K, 3 young (3072K), 3 survivors (3072K)
 Metaspace       used 83611K, committed 84352K, reserved 1179648K
  class space    used 10913K, committed 11264K, reserved 1048576K
}
Event: 15.854 GC heap before
{Heap before GC invocations=18 (full 0):
 garbage-first heap   total 83968K, used 73275K [0x000000008ce00000, 0x0000000100000000)
  region size 1024K, 35 young (35840K), 3 survivors (3072K)
 Metaspace       used 86775K, committed 87552K, reserved 1179648K
  class space    used 11309K, committed 11648K, reserved 1048576K
}
Event: 15.860 GC heap after
{Heap after GC invocations=19 (full 0):
 garbage-first heap   total 83968K, used 43453K [0x000000008ce00000, 0x0000000100000000)
  region size 1024K, 5 young (5120K), 5 survivors (5120K)
 Metaspace       used 86775K, committed 87552K, reserved 1179648K
  class space    used 11309K, committed 11648K, reserved 1048576K
}

