# JRE version: Java(TM) SE Runtime Environment (21.0.3+7) (build 21.0.3+7-LTS-152)
# Java VM: Java HotSpot(TM) 64-Bit Server VM (21.0.3+7-LTS-152, mixed mode, sharing, tiered, compressed oops, compressed class ptrs, g1 gc, windows-amd64)
GC Precious Log:
 CardTable entry size: 512
 Card Set container configuration: InlinePtr #cards 5 size 8 Array Of Cards #cards 12 size 40 Howl #buckets 4 coarsen threshold 1843 Howl Bitmap #cards 512 size 80 coarsen threshold 460 Card regions per heap region 1 cards per card region 2048
 CPUs: 16 total, 16 available
 Memory: 7365M
 Large Page Support: Disabled
 NUMA Support: Disabled
 Compressed Oops: Enabled (32-bit)
 Heap Region Size: 1M
 Heap Min Capacity: 8M
 Heap Initial Capacity: 116M
 Heap Max Capacity: 1842M
 Pre-touch: Disabled
 Parallel Workers: 13
 Concurrent Workers: 3
 Concurrent Refinement Workers: 13
 Periodic GC: Disabled
Heap:
 garbage-first heap   total 83968K, used 55814K [0x000000008ce00000, 0x0000000100000000)
  region size 1024K, 19 young (19456K), 3 survivors (3072K)
 Metaspace       used 83960K, committed 84672K, reserved 1179648K
  class space    used 11131K, committed 11456K, reserved 1048576K
GC Heap History (20 events):
Event: 4.224 GC heap before
{Heap before GC invocations=5 (full 0):
 garbage-first heap   total 69632K, used 51221K [0x000000008ce00000, 0x0000000100000000)
  region size 1024K, 40 young (40960K), 8 survivors (8192K)
 Metaspace       used 32201K, committed 32768K, reserved 1114112K
  class space    used 4099K, committed 4352K, reserved 1048576K
}
Event: 4.229 GC heap after
{Heap after GC invocations=6 (full 0):
 garbage-first heap   total 69632K, used 21603K [0x000000008ce00000, 0x0000000100000000)
  region size 1024K, 4 young (4096K), 4 survivors (4096K)
 Metaspace       used 32201K, committed 32768K, reserved 1114112K
  class space    used 4099K, committed 4352K, reserved 1048576K
}
Event: 4.619 GC heap before
{Heap before GC invocations=6 (full 0):
 garbage-first heap   total 69632K, used 36963K [0x000000008ce00000, 0x0000000100000000)
  region size 1024K, 20 young (20480K), 4 survivors (4096K)
 Metaspace       used 35439K, committed 35968K, reserved 1114112K
  class space    used 4542K, committed 4800K, reserved 1048576K
}
Event: 4.622 GC heap after
{Heap after GC invocations=7 (full 0):
 garbage-first heap   total 69632K, used 22291K [0x000000008ce00000, 0x0000000100000000)
  region size 1024K, 2 young (2048K), 2 survivors (2048K)
 Metaspace       used 35439K, committed 35968K, reserved 1114112K
  class space    used 4542K, committed 4800K, reserved 1048576K
}
Event: 5.885 GC heap before
{Heap before GC invocations=8 (full 0):
 garbage-first heap   total 69632K, used 56083K [0x000000008ce00000, 0x0000000100000000)
  region size 1024K, 35 young (35840K), 2 survivors (2048K)
 Metaspace       used 48210K, committed 48832K, reserved 1114112K
  class space    used 6259K, committed 6528K, reserved 1048576K
}
Event: 5.888 GC heap after
{Heap after GC invocations=9 (full 0):
 garbage-first heap   total 69632K, used 25180K [0x000000008ce00000, 0x0000000100000000)
  region size 1024K, 4 young (4096K), 4 survivors (4096K)
 Metaspace       used 48210K, committed 48832K, reserved 1114112K
  class space    used 6259K, committed 6528K, reserved 1048576K
}
Event: 6.504 GC heap before
{Heap before GC invocations=9 (full 0):
 garbage-first heap   total 69632K, used 57948K [0x000000008ce00000, 0x0000000100000000)
  region size 1024K, 36 young (36864K), 4 survivors (4096K)
 Metaspace       used 54622K, committed 55168K, reserved 1114112K
  class space    used 7054K, committed 7296K, reserved 1048576K
}
Event: 6.508 GC heap after
{Heap after GC invocations=10 (full 0):
 garbage-first heap   total 69632K, used 27711K [0x000000008ce00000, 0x0000000100000000)
  region size 1024K, 3 young (3072K), 3 survivors (3072K)
 Metaspace       used 54622K, committed 55168K, reserved 1114112K
  class space    used 7054K, committed 7296K, reserved 1048576K
}
Event: 6.831 GC heap before
{Heap before GC invocations=10 (full 0):
 garbage-first heap   total 69632K, used 42047K [0x000000008ce00000, 0x0000000100000000)
  region size 1024K, 18 young (18432K), 3 survivors (3072K)
 Metaspace       used 59748K, committed 60288K, reserved 1114112K
  class space    used 7903K, committed 8128K, reserved 1048576K
}
Event: 6.834 GC heap after
{Heap after GC invocations=11 (full 0):
 garbage-first heap   total 69632K, used 28188K [0x000000008ce00000, 0x0000000100000000)
  region size 1024K, 4 young (4096K), 4 survivors (4096K)
 Metaspace       used 59748K, committed 60288K, reserved 1114112K
  class space    used 7903K, committed 8128K, reserved 1048576K
}
Event: 7.305 GC heap before
{Heap before GC invocations=12 (full 0):
 garbage-first heap   total 69632K, used 59932K [0x000000008ce00000, 0x0000000100000000)
  region size 1024K, 35 young (35840K), 4 survivors (4096K)
 Metaspace       used 63960K, committed 64576K, reserved 1114112K
  class space    used 8537K, committed 8832K, reserved 1048576K
}
Event: 7.308 GC heap after
{Heap after GC invocations=13 (full 0):
 garbage-first heap   total 69632K, used 29524K [0x000000008ce00000, 0x0000000100000000)
  region size 1024K, 3 young (3072K), 3 survivors (3072K)
 Metaspace       used 63960K, committed 64576K, reserved 1114112K
  class space    used 8537K, committed 8832K, reserved 1048576K
}
Event: 8.472 GC heap before
{Heap before GC invocations=13 (full 0):
 garbage-first heap   total 69632K, used 61268K [0x000000008ce00000, 0x0000000100000000)
  region size 1024K, 34 young (34816K), 3 survivors (3072K)
 Metaspace       used 70655K, committed 71232K, reserved 1114112K
  class space    used 9545K, committed 9792K, reserved 1048576K
}
Event: 8.476 GC heap after
{Heap after GC invocations=14 (full 0):
 garbage-first heap   total 69632K, used 31627K [0x000000008ce00000, 0x0000000100000000)
  region size 1024K, 5 young (5120K), 5 survivors (5120K)
 Metaspace       used 70655K, committed 71232K, reserved 1114112K
  class space    used 9545K, committed 9792K, reserved 1048576K
}
Event: 9.113 GC heap before
{Heap before GC invocations=14 (full 0):
 garbage-first heap   total 69632K, used 59275K [0x000000008ce00000, 0x0000000100000000)
  region size 1024K, 32 young (32768K), 5 survivors (5120K)
 Metaspace       used 75174K, committed 75904K, reserved 1179648K
  class space    used 10099K, committed 10432K, reserved 1048576K
}
Event: 9.119 GC heap after
{Heap after GC invocations=15 (full 0):
 garbage-first heap   total 69632K, used 34257K [0x000000008ce00000, 0x0000000100000000)
  region size 1024K, 3 young (3072K), 3 survivors (3072K)
 Metaspace       used 75174K, committed 75904K, reserved 1179648K
  class space    used 10099K, committed 10432K, reserved 1048576K
}
Event: 9.583 GC heap before
{Heap before GC invocations=15 (full 0):
 garbage-first heap   total 69632K, used 60881K [0x000000008ce00000, 0x0000000100000000)
  region size 1024K, 30 young (30720K), 3 survivors (3072K)
 Metaspace       used 80279K, committed 80960K, reserved 1179648K
  class space    used 10635K, committed 10944K, reserved 1048576K
}
Event: 9.587 GC heap after
{Heap after GC invocations=16 (full 0):
 garbage-first heap   total 69632K, used 37627K [0x000000008ce00000, 0x0000000100000000)
  region size 1024K, 4 young (4096K), 4 survivors (4096K)
 Metaspace       used 80279K, committed 80960K, reserved 1179648K
  class space    used 10635K, committed 10944K, reserved 1048576K
}
Event: 10.016 GC heap before
{Heap before GC invocations=17 (full 0):
 garbage-first heap   total 69632K, used 60155K [0x000000008ce00000, 0x0000000100000000)
  region size 1024K, 26 young (26624K), 4 survivors (4096K)
 Metaspace       used 82070K, committed 82816K, reserved 1179648K
  class space    used 10887K, committed 11200K, reserved 1048576K
}
Event: 10.020 GC heap after
{Heap after GC invocations=18 (full 0):
 garbage-first heap   total 83968K, used 40454K [0x000000008ce00000, 0x0000000100000000)
  region size 1024K, 3 young (3072K), 3 survivors (3072K)
 Metaspace       used 82070K, committed 82816K, reserved 1179648K
  class space    used 10887K, committed 11200K, reserved 1048576K
}

